<?xml version="1.0" encoding="UTF-8"?>
<testng-results ignored="0" total="1" passed="1" failed="0" skipped="0">
  <reporter-output>
  </reporter-output>
  <suite started-at="2024-09-07T20:14:53 IST" name="Suite" finished-at="2024-09-07T20:14:54 IST" duration-ms="880">
    <groups>
      <group name="cucumber">
        <method signature="runner_pwc.scenario(io.cucumber.testng.PickleWrapper,io.cucumber.testng.FeatureWrapper)[pri:0, instance:Runner_file.runner_pwc@7f0eb4b4]" name="scenario" class="Runner_file.runner_pwc"/>
      </group> <!-- cucumber -->
    </groups>
    <test started-at="2024-09-07T20:14:53 IST" name="Test" finished-at="2024-09-07T20:14:54 IST" duration-ms="880">
      <class name="Runner_file.runner_pwc">
        <test-method is-config="true" signature="set_up_class()[pri:0, instance:Runner_file.runner_pwc@7f0eb4b4]" started-at="2024-09-07T20:14:53 IST" name="set_up_class" finished-at="2024-09-07T20:14:54 IST" duration-ms="283" status="PASS">
          <reporter-output>
          </reporter-output>
        </test-method> <!-- set_up_class -->
        <test-method signature="scenario(io.cucumber.testng.PickleWrapper,io.cucumber.testng.FeatureWrapper)[pri:0, instance:Runner_file.runner_pwc@7f0eb4b4]" started-at="2024-09-07T20:14:54 IST" name="scenario" description="Runs Cucumber Feature" data-provider="features" finished-at="2024-09-07T20:14:54 IST" duration-ms="203" status="PASS">
          <params>
            <param index="0">
              <value>
                <![CDATA["Search the keyword."]]>
              </value>
            </param>
            <param index="1">
              <value>
                <![CDATA["Book App Store"]]>
              </value>
            </param>
          </params>
          <reporter-output>
          </reporter-output>
        </test-method> <!-- scenario -->
        <test-method is-config="true" signature="tear_down_class()[pri:0, instance:Runner_file.runner_pwc@7f0eb4b4]" started-at="2024-09-07T20:14:54 IST" name="tear_down_class" finished-at="2024-09-07T20:14:54 IST" duration-ms="333" status="PASS">
          <reporter-output>
          </reporter-output>
        </test-method> <!-- tear_down_class -->
      </class> <!-- Runner_file.runner_pwc -->
    </test> <!-- Test -->
  </suite> <!-- Suite -->
</testng-results>
